<?xml version="1.0" encoding="UTF-8"?>
<!-- Generated by org.testng.reporters.JUnitXMLReporter -->
<testsuite ignored="0" hostname="Kittu" failures="0" tests="2" name="orangeHrmApplication AddEmployee" time="0.82" errors="0" timestamp="2023-02-09T12:40:40 IST">
  <testcase classname="com.OrangeHRM.BaseTest" name="@BeforeTest applicationLaunch" time="0.813">
    <failure type="org.openqa.selenium.SessionNotCreatedException" message="session not created: This version of ChromeDriver only supports Chrome version 108
Current browser version is 110.0.5481.78 with binary path C:\Program Files\Google\Chrome\Application\chrome.exe
Build info: version: &amp;apos;3.141.59&amp;apos;, revision: &amp;apos;e82be7d358&amp;apos;, time: &amp;apos;2018-11-14T08:25:53&amp;apos;
System info: host: &amp;apos;KITTU&amp;apos;, ip: &amp;apos;192.168.83.231&amp;apos;, os.name: &amp;apos;Windows 11&amp;apos;, os.arch: &amp;apos;amd64&amp;apos;, os.version: &amp;apos;10.0&amp;apos;, java.version: &amp;apos;17.0.5&amp;apos;
Driver info: driver.version: ChromeDriver
remote stacktrace: Backtrace:
	(No symbol) [0x0105F243]
	(No symbol) [0x00FE7FD1]
	(No symbol) [0x00EDD04D]
	(No symbol) [0x00EFF6B4]
	(No symbol) [0x00EFA97C]
	(No symbol) [0x00EF82E9]
	(No symbol) [0x00F2F056]
	(No symbol) [0x00F2EB2A]
	(No symbol) [0x00F28386]
	(No symbol) [0x00F0163C]
	(No symbol) [0x00F0269D]
	GetHandleVerifier [0x012F9A22+2655074]
	GetHandleVerifier [0x012ECA24+2601828]
	GetHandleVerifier [0x01108C0A+619850]
	GetHandleVerifier [0x01107830+614768]
	(No symbol) [0x00FF05FC]
	(No symbol) [0x00FF5968]
	(No symbol) [0x00FF5A55]
	(No symbol) [0x0100051B]
	BaseThreadInitThunk [0x75E77D69+25]
	RtlInitializeExceptionChain [0x76F2BB9B+107]
	RtlClearBits [0x76F2BB1F+191]
">
      <![CDATA[org.openqa.selenium.SessionNotCreatedException: session not created: This version of ChromeDriver only supports Chrome version 108
Current browser version is 110.0.5481.78 with binary path C:\Program Files\Google\Chrome\Application\chrome.exe
Build info: version: '3.141.59', revision: 'e82be7d358', time: '2018-11-14T08:25:53'
System info: host: 'KITTU', ip: '192.168.83.231', os.name: 'Windows 11', os.arch: 'amd64', os.version: '10.0', java.version: '17.0.5'
Driver info: driver.version: ChromeDriver
remote stacktrace: Backtrace:
(No symbol) [0x0105F243]
(No symbol) [0x00FE7FD1]
(No symbol) [0x00EDD04D]
(No symbol) [0x00EFF6B4]
(No symbol) [0x00EFA97C]
(No symbol) [0x00EF82E9]
(No symbol) [0x00F2F056]
(No symbol) [0x00F2EB2A]
(No symbol) [0x00F28386]
(No symbol) [0x00F0163C]
(No symbol) [0x00F0269D]
GetHandleVerifier [0x012F9A22+2655074]
GetHandleVerifier [0x012ECA24+2601828]
GetHandleVerifier [0x01108C0A+619850]
GetHandleVerifier [0x01107830+614768]
(No symbol) [0x00FF05FC]
(No symbol) [0x00FF5968]
(No symbol) [0x00FF5A55]
(No symbol) [0x0100051B]
BaseThreadInitThunk [0x75E77D69+25]
RtlInitializeExceptionChain [0x76F2BB9B+107]
RtlClearBits [0x76F2BB1F+191]

at org.openqa.selenium.remote.W3CHandshakeResponse.lambda$errorHandler$0(W3CHandshakeResponse.java:62)
at org.openqa.selenium.remote.HandshakeResponse.lambda$getResponseFunction$0(HandshakeResponse.java:30)
at org.openqa.selenium.remote.ProtocolHandshake.lambda$createSession$0(ProtocolHandshake.java:126)
at java.base/java.util.stream.ReferencePipeline$3$1.accept(ReferencePipeline.java:197)
at java.base/java.util.Spliterators$ArraySpliterator.tryAdvance(Spliterators.java:1002)
at java.base/java.util.stream.ReferencePipeline.forEachWithCancel(ReferencePipeline.java:129)
at java.base/java.util.stream.AbstractPipeline.copyIntoWithCancel(AbstractPipeline.java:527)
at java.base/java.util.stream.AbstractPipeline.copyInto(AbstractPipeline.java:513)
at java.base/java.util.stream.AbstractPipeline.wrapAndCopyInto(AbstractPipeline.java:499)
at java.base/java.util.stream.FindOps$FindOp.evaluateSequential(FindOps.java:150)
at java.base/java.util.stream.AbstractPipeline.evaluate(AbstractPipeline.java:234)
at java.base/java.util.stream.ReferencePipeline.findFirst(ReferencePipeline.java:647)
at org.openqa.selenium.remote.ProtocolHandshake.createSession(ProtocolHandshake.java:128)
at org.openqa.selenium.remote.ProtocolHandshake.createSession(ProtocolHandshake.java:74)
at org.openqa.selenium.remote.HttpCommandExecutor.execute(HttpCommandExecutor.java:136)
at org.openqa.selenium.remote.service.DriverCommandExecutor.execute(DriverCommandExecutor.java:83)
at org.openqa.selenium.remote.RemoteWebDriver.execute(RemoteWebDriver.java:552)
at org.openqa.selenium.remote.RemoteWebDriver.startSession(RemoteWebDriver.java:213)
at org.openqa.selenium.remote.RemoteWebDriver.<init>(RemoteWebDriver.java:131)
at org.openqa.selenium.chrome.ChromeDriver.<init>(ChromeDriver.java:181)
at org.openqa.selenium.chrome.ChromeDriver.<init>(ChromeDriver.java:168)
at org.openqa.selenium.chrome.ChromeDriver.<init>(ChromeDriver.java:123)
at com.OrangeHRM.BaseTest.applicationLaunch(BaseTest.java:27)
... Removed 29 stack frames]]>
    </failure>
  </testcase> <!-- @BeforeTest applicationLaunch -->
  <testcase classname="com.OrangeHRM.BaseTest" name="@AfterTest applicationclose" time="-1.675926640243E9">
    <skipped/>
  </testcase> <!-- @AfterTest applicationclose -->
  <testcase classname="com.OrangeHRMTestCases.OrangeHRMAddeEmployeeList1" name="orangeHRMAddEmployeTestNG" time="0.0">
    <skipped/>
  </testcase> <!-- orangeHRMAddEmployeTestNG -->
  <testcase classname="com.OrangeHRMTestCases.OrangeHRMAddeEmployeeList1" name="getData" time="0.0">
    <skipped/>
  </testcase> <!-- getData -->
</testsuite> <!-- orangeHrmApplication AddEmployee -->
